{"numTotalTestSuites":46,"numPassedTestSuites":40,"numFailedTestSuites":6,"numPendingTestSuites":0,"numTotalTests":39,"numPassedTests":31,"numFailedTests":8,"numPendingTests":0,"numTodoTests":0,"snapshot":{"added":0,"failure":false,"filesAdded":0,"filesRemoved":0,"filesRemovedList":[],"filesUnmatched":0,"filesUpdated":0,"matched":0,"total":0,"unchecked":0,"uncheckedKeysByFile":[],"unmatched":0,"updated":0,"didUpdate":false},"startTime":1768397295330,"success":false,"testResults":[{"assertionResults":[{"ancestorTitles":["Dispute & AI Integration"],"fullName":"Dispute & AI Integration should block completion without evidence","status":"failed","title":"should block completion without evidence","duration":1101.63675,"failureMessages":["Error: Failed query: insert into \"users\" (\"id\", \"email\", \"full_name\", \"avatar_url\", \"aura_points\", \"aura_level\", \"total_savings_generated\", \"role\", \"timezone\", \"last_comment_at\", \"last_tos_accepted_at\", \"tos_version\", \"biometric_status\", \"biometric_verified_at\", \"created_at\") values (default, $1, $2, default, default, default, default, $3, default, default, default, default, default, default, default) returning \"id\", \"email\", \"full_name\", \"avatar_url\", \"aura_points\", \"aura_level\", \"total_savings_generated\", \"role\", \"timezone\", \"last_comment_at\", \"last_tos_accepted_at\", \"tos_version\", \"biometric_status\", \"biometric_verified_at\", \"created_at\"\nparams: prov-1768397296082@test.com,Provider AI,user\n    at PostgresJsPreparedQuery.queryWithCache (file:///Users/maxi/umarel.org/node_modules/drizzle-orm/pg-core/session.js:41:15)\n    at processTicksAndRejections (node:internal/process/task_queues:103:5)\n    at file:///Users/maxi/umarel.org/node_modules/drizzle-orm/postgres-js/session.js:37:20\n    at /Users/maxi/umarel.org/__tests__/integration/dispute-ai.test.ts:54:24"],"meta":{}},{"ancestorTitles":["Dispute & AI Integration"],"fullName":"Dispute & AI Integration should allow completion WITH evidence","status":"failed","title":"should allow completion WITH evidence","duration":1033.685292,"failureMessages":["Error: Failed query: insert into \"users\" (\"id\", \"email\", \"full_name\", \"avatar_url\", \"aura_points\", \"aura_level\", \"total_savings_generated\", \"role\", \"timezone\", \"last_comment_at\", \"last_tos_accepted_at\", \"tos_version\", \"biometric_status\", \"biometric_verified_at\", \"created_at\") values (default, $1, $2, default, default, default, default, $3, default, default, default, default, default, default, default) returning \"id\", \"email\", \"full_name\", \"avatar_url\", \"aura_points\", \"aura_level\", \"total_savings_generated\", \"role\", \"timezone\", \"last_comment_at\", \"last_tos_accepted_at\", \"tos_version\", \"biometric_status\", \"biometric_verified_at\", \"created_at\"\nparams: prov-1768397297183@test.com,Provider AI,user\n    at PostgresJsPreparedQuery.queryWithCache (file:///Users/maxi/umarel.org/node_modules/drizzle-orm/pg-core/session.js:41:15)\n    at processTicksAndRejections (node:internal/process/task_queues:103:5)\n    at file:///Users/maxi/umarel.org/node_modules/drizzle-orm/postgres-js/session.js:37:20\n    at /Users/maxi/umarel.org/__tests__/integration/dispute-ai.test.ts:54:24"],"meta":{}},{"ancestorTitles":["Dispute & AI Integration"],"fullName":"Dispute & AI Integration should analyze dispute using AI","status":"failed","title":"should analyze dispute using AI","duration":182.64750000000004,"failureMessages":["Error: Failed query: insert into \"users\" (\"id\", \"email\", \"full_name\", \"avatar_url\", \"aura_points\", \"aura_level\", \"total_savings_generated\", \"role\", \"timezone\", \"last_comment_at\", \"last_tos_accepted_at\", \"tos_version\", \"biometric_status\", \"biometric_verified_at\", \"created_at\") values (default, $1, $2, default, default, default, default, $3, default, default, default, default, default, default, default) returning \"id\", \"email\", \"full_name\", \"avatar_url\", \"aura_points\", \"aura_level\", \"total_savings_generated\", \"role\", \"timezone\", \"last_comment_at\", \"last_tos_accepted_at\", \"tos_version\", \"biometric_status\", \"biometric_verified_at\", \"created_at\"\nparams: prov-1768397298217@test.com,Provider AI,user\n    at PostgresJsPreparedQuery.queryWithCache (file:///Users/maxi/umarel.org/node_modules/drizzle-orm/pg-core/session.js:41:15)\n    at processTicksAndRejections (node:internal/process/task_queues:103:5)\n    at file:///Users/maxi/umarel.org/node_modules/drizzle-orm/postgres-js/session.js:37:20\n    at /Users/maxi/umarel.org/__tests__/integration/dispute-ai.test.ts:54:24"],"meta":{}}],"startTime":1768397296081,"endTime":1768397298399.6475,"status":"failed","message":"","name":"/Users/maxi/umarel.org/__tests__/integration/dispute-ai.test.ts"},{"assertionResults":[{"ancestorTitles":["Dispute Resolution System"],"fullName":"Dispute Resolution System should allow raising a dispute","status":"failed","title":"should allow raising a dispute","duration":1046.239208,"failureMessages":["Error: Failed query: insert into \"users\" (\"id\", \"email\", \"full_name\", \"avatar_url\", \"aura_points\", \"aura_level\", \"total_savings_generated\", \"role\", \"timezone\", \"last_comment_at\", \"last_tos_accepted_at\", \"tos_version\", \"biometric_status\", \"biometric_verified_at\", \"created_at\") values ($1, $2, $3, default, default, default, default, $4, default, default, default, default, default, default, default), ($5, $6, $7, default, default, default, default, $8, default, default, default, default, default, default, default), ($9, $10, $11, default, default, default, default, $12, default, default, default, default, default, default, default)\nparams: 18fa9fb0-afeb-439b-98a5-213df7a506ca,client-18fa9fb0-afeb-439b-98a5-213df7a506ca@test.com,Test Client,user,492cd6a6-c47a-4b45-a6fc-98c1d016cf07,provider-492cd6a6-c47a-4b45-a6fc-98c1d016cf07@test.com,Test Provider,user,e5811f61-2e8f-4a9f-9733-6cf0c5884541,admin-e5811f61-2e8f-4a9f-9733-6cf0c5884541@test.com,Test Admin,admin\n    at PostgresJsPreparedQuery.queryWithCache (file:///Users/maxi/umarel.org/node_modules/drizzle-orm/pg-core/session.js:41:15)\n    at processTicksAndRejections (node:internal/process/task_queues:103:5)\n    at /Users/maxi/umarel.org/__tests__/integration/dispute.test.ts:28:9"],"meta":{}},{"ancestorTitles":["Dispute Resolution System"],"fullName":"Dispute Resolution System should allow admin to resolve dispute by refunding","status":"failed","title":"should allow admin to resolve dispute by refunding","duration":1072.152875,"failureMessages":["Error: Failed query: insert into \"users\" (\"id\", \"email\", \"full_name\", \"avatar_url\", \"aura_points\", \"aura_level\", \"total_savings_generated\", \"role\", \"timezone\", \"last_comment_at\", \"last_tos_accepted_at\", \"tos_version\", \"biometric_status\", \"biometric_verified_at\", \"created_at\") values ($1, $2, $3, default, default, default, default, $4, default, default, default, default, default, default, default), ($5, $6, $7, default, default, default, default, $8, default, default, default, default, default, default, default), ($9, $10, $11, default, default, default, default, $12, default, default, default, default, default, default, default)\nparams: 1bb4c99e-e79a-4a76-a482-02e737d77de4,client-1bb4c99e-e79a-4a76-a482-02e737d77de4@test.com,Test Client,user,3b3d879c-20fe-4d32-b57c-72f865a83a3f,provider-3b3d879c-20fe-4d32-b57c-72f865a83a3f@test.com,Test Provider,user,e68f9363-269c-4959-a13c-13cef9341fe0,admin-e68f9363-269c-4959-a13c-13cef9341fe0@test.com,Test Admin,admin\n    at PostgresJsPreparedQuery.queryWithCache (file:///Users/maxi/umarel.org/node_modules/drizzle-orm/pg-core/session.js:41:15)\n    at processTicksAndRejections (node:internal/process/task_queues:103:5)\n    at /Users/maxi/umarel.org/__tests__/integration/dispute.test.ts:28:9"],"meta":{}},{"ancestorTitles":["Dispute Resolution System"],"fullName":"Dispute Resolution System should allow admin to resolve dispute by releasing funds","status":"failed","title":"should allow admin to resolve dispute by releasing funds","duration":191.66666699999996,"failureMessages":["Error: Failed query: insert into \"users\" (\"id\", \"email\", \"full_name\", \"avatar_url\", \"aura_points\", \"aura_level\", \"total_savings_generated\", \"role\", \"timezone\", \"last_comment_at\", \"last_tos_accepted_at\", \"tos_version\", \"biometric_status\", \"biometric_verified_at\", \"created_at\") values ($1, $2, $3, default, default, default, default, $4, default, default, default, default, default, default, default), ($5, $6, $7, default, default, default, default, $8, default, default, default, default, default, default, default), ($9, $10, $11, default, default, default, default, $12, default, default, default, default, default, default, default)\nparams: 001aa866-57af-4128-b60d-4057751111cc,client-001aa866-57af-4128-b60d-4057751111cc@test.com,Test Client,user,8ca1706e-3ae6-447b-8d31-9d50b0a9889b,provider-8ca1706e-3ae6-447b-8d31-9d50b0a9889b@test.com,Test Provider,user,c7d0c835-92b8-4019-919b-b1422e4b689f,admin-c7d0c835-92b8-4019-919b-b1422e4b689f@test.com,Test Admin,admin\n    at PostgresJsPreparedQuery.queryWithCache (file:///Users/maxi/umarel.org/node_modules/drizzle-orm/pg-core/session.js:41:15)\n    at processTicksAndRejections (node:internal/process/task_queues:103:5)\n    at /Users/maxi/umarel.org/__tests__/integration/dispute.test.ts:28:9"],"meta":{}}],"startTime":1768397296083,"endTime":1768397298393.6667,"status":"failed","message":"","name":"/Users/maxi/umarel.org/__tests__/integration/dispute.test.ts"},{"assertionResults":[{"ancestorTitles":["Feedback Loop Integration"],"fullName":"Feedback Loop Integration should create a change proposal when expert comments","status":"failed","title":"should create a change proposal when expert comments","duration":1063.461166,"failureMessages":["Error: Failed query: insert into \"users\" (\"id\", \"email\", \"full_name\", \"avatar_url\", \"aura_points\", \"aura_level\", \"total_savings_generated\", \"role\", \"timezone\", \"last_comment_at\", \"last_tos_accepted_at\", \"tos_version\", \"biometric_status\", \"biometric_verified_at\", \"created_at\") values (default, $1, $2, default, default, default, default, $3, default, default, default, default, default, default, default) returning \"id\", \"email\", \"full_name\", \"avatar_url\", \"aura_points\", \"aura_level\", \"total_savings_generated\", \"role\", \"timezone\", \"last_comment_at\", \"last_tos_accepted_at\", \"tos_version\", \"biometric_status\", \"biometric_verified_at\", \"created_at\"\nparams: owner-1768397296132@test.com,Test Owner,user\n    at PostgresJsPreparedQuery.queryWithCache (file:///Users/maxi/umarel.org/node_modules/drizzle-orm/pg-core/session.js:41:15)\n    at processTicksAndRejections (node:internal/process/task_queues:103:5)\n    at file:///Users/maxi/umarel.org/node_modules/drizzle-orm/postgres-js/session.js:37:20\n    at /Users/maxi/umarel.org/__tests__/integration/feedback-loop.test.ts:58:25"],"meta":{}},{"ancestorTitles":["Feedback Loop Integration"],"fullName":"Feedback Loop Integration should apply changes and award aura when owner accepts proposal","status":"failed","title":"should apply changes and award aura when owner accepts proposal","duration":1025.2994580000002,"failureMessages":["Error: Failed query: insert into \"users\" (\"id\", \"email\", \"full_name\", \"avatar_url\", \"aura_points\", \"aura_level\", \"total_savings_generated\", \"role\", \"timezone\", \"last_comment_at\", \"last_tos_accepted_at\", \"tos_version\", \"biometric_status\", \"biometric_verified_at\", \"created_at\") values (default, $1, $2, default, default, default, default, $3, default, default, default, default, default, default, default) returning \"id\", \"email\", \"full_name\", \"avatar_url\", \"aura_points\", \"aura_level\", \"total_savings_generated\", \"role\", \"timezone\", \"last_comment_at\", \"last_tos_accepted_at\", \"tos_version\", \"biometric_status\", \"biometric_verified_at\", \"created_at\"\nparams: owner-1768397297195@test.com,Test Owner,user\n    at PostgresJsPreparedQuery.queryWithCache (file:///Users/maxi/umarel.org/node_modules/drizzle-orm/pg-core/session.js:41:15)\n    at processTicksAndRejections (node:internal/process/task_queues:103:5)\n    at file:///Users/maxi/umarel.org/node_modules/drizzle-orm/postgres-js/session.js:37:20\n    at /Users/maxi/umarel.org/__tests__/integration/feedback-loop.test.ts:58:25"],"meta":{}}],"startTime":1768397296132,"endTime":1768397298220.2996,"status":"failed","message":"","name":"/Users/maxi/umarel.org/__tests__/integration/feedback-loop.test.ts"},{"assertionResults":[{"ancestorTitles":["AI Logic (Mocked)"],"fullName":"AI Logic (Mocked) shouldAnalyzeComment filters low-value comments","status":"passed","title":"shouldAnalyzeComment filters low-value comments","duration":10.609125000000006,"failureMessages":[],"meta":{}},{"ancestorTitles":["AI Logic (Mocked)"],"fullName":"AI Logic (Mocked) processWizardMessage returns correct actions from AI response","status":"passed","title":"processWizardMessage returns correct actions from AI response","duration":15.904916999999983,"failureMessages":[],"meta":{}},{"ancestorTitles":["AI Logic (Mocked)"],"fullName":"AI Logic (Mocked) processWizardMessage handles low-quality inputs via Quality Gate","status":"passed","title":"processWizardMessage handles low-quality inputs via Quality Gate","duration":0.4192920000000413,"failureMessages":[],"meta":{}},{"ancestorTitles":["AI Logic (Mocked)"],"fullName":"AI Logic (Mocked) processExpertComment handles valid technical feedback","status":"passed","title":"processExpertComment handles valid technical feedback","duration":0.7598330000000146,"failureMessages":[],"meta":{}},{"ancestorTitles":["AI Logic (Mocked)"],"fullName":"AI Logic (Mocked) processExpertComment skips AI call for short comments","status":"passed","title":"processExpertComment skips AI call for short comments","duration":1.6146669999999972,"failureMessages":[],"meta":{}}],"startTime":1768397295618,"endTime":1768397295647.6147,"status":"passed","message":"","name":"/Users/maxi/umarel.org/__tests__/unit/ai-usage.test.ts"},{"assertionResults":[{"ancestorTitles":["Payment Calculations"],"fullName":"Payment Calculations calculates correct payment breakdown","status":"passed","title":"calculates correct payment breakdown","duration":0.5534999999999997,"failureMessages":[],"meta":{}},{"ancestorTitles":["Payment Calculations"],"fullName":"Payment Calculations validates payment amounts correctly","status":"passed","title":"validates payment amounts correctly","duration":0.09579200000000299,"failureMessages":[],"meta":{}}],"startTime":1768397296370,"endTime":1768397296370.5535,"status":"passed","message":"","name":"/Users/maxi/umarel.org/__tests__/unit/calculations.test.ts"},{"assertionResults":[{"ancestorTitles":["Date Utilities","formatDate"],"fullName":"Date Utilities formatDate should format a date string to the specified locale and timezone","status":"passed","title":"should format a date string to the specified locale and timezone","duration":20.987041000000005,"failureMessages":[],"meta":{}},{"ancestorTitles":["Date Utilities","formatDate"],"fullName":"Date Utilities formatDate should handle different timezones","status":"passed","title":"should handle different timezones","duration":1.1090409999999906,"failureMessages":[],"meta":{}},{"ancestorTitles":["Date Utilities","toUTC"],"fullName":"Date Utilities toUTC should convert a local date string to a UTC Date object","status":"passed","title":"should convert a local date string to a UTC Date object","duration":1.1190839999999866,"failureMessages":[],"meta":{}},{"ancestorTitles":["Date Utilities","getUserTimezone"],"fullName":"Date Utilities getUserTimezone should return the user timezone or default to UTC via Intl","status":"passed","title":"should return the user timezone or default to UTC via Intl","duration":0.2518750000000125,"failureMessages":[],"meta":{}}],"startTime":1768397295605,"endTime":1768397295628.252,"status":"passed","message":"","name":"/Users/maxi/umarel.org/__tests__/unit/date-utils.test.ts"},{"assertionResults":[{"ancestorTitles":["Insight Service","submitInsight"],"fullName":"Insight Service submitInsight should process insight and generate proposals if AI validates it","status":"passed","title":"should process insight and generate proposals if AI validates it","duration":1.8393749999999898,"failureMessages":[],"meta":{}}],"startTime":1768397296312,"endTime":1768397296313.8394,"status":"passed","message":"","name":"/Users/maxi/umarel.org/__tests__/unit/insight-service.test.ts"},{"assertionResults":[{"ancestorTitles":["MercadoPagoAdapter","refund"],"fullName":"MercadoPagoAdapter refund should call refund with full amount when no amount is specified","status":"passed","title":"should call refund with full amount when no amount is specified","duration":1.4217079999999669,"failureMessages":[],"meta":{}},{"ancestorTitles":["MercadoPagoAdapter","refund"],"fullName":"MercadoPagoAdapter refund should call refund with specific amount when provided","status":"passed","title":"should call refund with specific amount when provided","duration":0.27854200000001583,"failureMessages":[],"meta":{}},{"ancestorTitles":["MercadoPagoAdapter","refund"],"fullName":"MercadoPagoAdapter refund should throw error if refund status is not approved/refunded","status":"passed","title":"should throw error if refund status is not approved/refunded","duration":1.8976669999999558,"failureMessages":[],"meta":{}},{"ancestorTitles":["MercadoPagoAdapter","releaseFunds"],"fullName":"MercadoPagoAdapter releaseFunds should return success if payment is approved","status":"passed","title":"should return success if payment is approved","duration":0.2721670000000813,"failureMessages":[],"meta":{}},{"ancestorTitles":["MercadoPagoAdapter","releaseFunds"],"fullName":"MercadoPagoAdapter releaseFunds should return success if payment is accredited","status":"passed","title":"should return success if payment is accredited","duration":0.12629200000003493,"failureMessages":[],"meta":{}},{"ancestorTitles":["MercadoPagoAdapter","releaseFunds"],"fullName":"MercadoPagoAdapter releaseFunds should return failure if payment is pending","status":"passed","title":"should return failure if payment is pending","duration":0.1356670000000122,"failureMessages":[],"meta":{}}],"startTime":1768397296250,"endTime":1768397296254.2722,"status":"passed","message":"","name":"/Users/maxi/umarel.org/__tests__/unit/payment-adapters.test.ts"},{"assertionResults":[{"ancestorTitles":["POST /api/payments/create"],"fullName":"POST /api/payments/create should create escrow record with correct fees","status":"passed","title":"should create escrow record with correct fees","duration":4.600332999999978,"failureMessages":[],"meta":{}}],"startTime":1768397296174,"endTime":1768397296178.6003,"status":"passed","message":"","name":"/Users/maxi/umarel.org/__tests__/unit/payment-creation.test.ts"},{"assertionResults":[{"ancestorTitles":["Payment Factory"],"fullName":"Payment Factory should return MercadoPagoAdapter for Argentina (AR)","status":"passed","title":"should return MercadoPagoAdapter for Argentina (AR)","duration":0.8229170000000039,"failureMessages":[],"meta":{}},{"ancestorTitles":["Payment Factory"],"fullName":"Payment Factory should return MercadoPagoAdapter for Brazil (BR)","status":"passed","title":"should return MercadoPagoAdapter for Brazil (BR)","duration":0.1871670000000023,"failureMessages":[],"meta":{}},{"ancestorTitles":["Payment Factory"],"fullName":"Payment Factory should return MockAdapter by default if no country code and ENV not set","status":"passed","title":"should return MockAdapter by default if no country code and ENV not set","duration":0.17166600000000187,"failureMessages":[],"meta":{}},{"ancestorTitles":["Payment Factory"],"fullName":"Payment Factory should return StripePaymentAdapter if USE_REAL_PAYMENTS is true and no LATAM country","status":"passed","title":"should return StripePaymentAdapter if USE_REAL_PAYMENTS is true and no LATAM country","duration":0.16908300000000054,"failureMessages":[],"meta":{}}],"startTime":1768397296346,"endTime":1768397296348.1716,"status":"passed","message":"","name":"/Users/maxi/umarel.org/__tests__/unit/payment-factory.test.ts"},{"assertionResults":[],"startTime":1768397295330,"endTime":1768397295330,"status":"passed","message":"","name":"/Users/maxi/umarel.org/__tests__/unit/pricing-engine.test.ts"},{"assertionResults":[{"ancestorTitles":["Quote Service","submitQuote"],"fullName":"Quote Service submitQuote should create a quote and link it to slices inside a transaction","status":"passed","title":"should create a quote and link it to slices inside a transaction","duration":4.474208000000004,"failureMessages":[],"meta":{}}],"startTime":1768397295888,"endTime":1768397295892.474,"status":"passed","message":"","name":"/Users/maxi/umarel.org/__tests__/unit/quote-service.test.ts"},{"assertionResults":[{"ancestorTitles":["Rating Service","submitRating"],"fullName":"Rating Service submitRating should save rating and update aura points inside transaction","status":"passed","title":"should save rating and update aura points inside transaction","duration":5.118374999999986,"failureMessages":[],"meta":{}}],"startTime":1768397296279,"endTime":1768397296284.1184,"status":"passed","message":"","name":"/Users/maxi/umarel.org/__tests__/unit/rating-service.test.ts"},{"assertionResults":[{"ancestorTitles":["Request Service","initializeRequest"],"fullName":"Request Service initializeRequest should create request, slice, and card in transaction","status":"passed","title":"should create request, slice, and card in transaction","duration":1.3524579999999986,"failureMessages":[],"meta":{}}],"startTime":1768397296088,"endTime":1768397296089.3525,"status":"passed","message":"","name":"/Users/maxi/umarel.org/__tests__/unit/request-service.test.ts"},{"assertionResults":[{"ancestorTitles":["Slice Service","getOpenSlicesForProvider"],"fullName":"Slice Service getOpenSlicesForProvider should return only accepted slices","status":"passed","title":"should return only accepted slices","duration":1.2547089999999912,"failureMessages":[],"meta":{}}],"startTime":1768397296383,"endTime":1768397296384.2546,"status":"passed","message":"","name":"/Users/maxi/umarel.org/__tests__/unit/slice-service.test.ts"},{"assertionResults":[{"ancestorTitles":["Utils"],"fullName":"Utils merges class names correctly","status":"passed","title":"merges class names correctly","duration":4.527666000000011,"failureMessages":[],"meta":{}}],"startTime":1768397296046,"endTime":1768397296050.5276,"status":"passed","message":"","name":"/Users/maxi/umarel.org/__tests__/unit/utils.test.ts"},{"assertionResults":[{"ancestorTitles":["Payment Webhooks"],"fullName":"Payment Webhooks Mercado Pago: Should update escrow to in_escrow on approved payment","status":"passed","title":"Mercado Pago: Should update escrow to in_escrow on approved payment","duration":9.944166999999993,"failureMessages":[],"meta":{}},{"ancestorTitles":["Payment Webhooks"],"fullName":"Payment Webhooks Stripe: Should update escrow to in_escrow on payment_intent.succeeded","status":"passed","title":"Stripe: Should update escrow to in_escrow on payment_intent.succeeded","duration":1.6083749999999668,"failureMessages":[],"meta":{}}],"startTime":1768397295694,"endTime":1768397295705.6084,"status":"passed","message":"","name":"/Users/maxi/umarel.org/__tests__/unit/webhooks.test.ts"},{"assertionResults":[{"ancestorTitles":["Wizard Service (Full Logic)"],"fullName":"Wizard Service (Full Logic) should full flow: find slice, call AI, create new card, award aura","status":"passed","title":"should full flow: find slice, call AI, create new card, award aura","duration":16.716249999999945,"failureMessages":[],"meta":{}}],"startTime":1768397295922,"endTime":1768397295938.7163,"status":"passed","message":"","name":"/Users/maxi/umarel.org/__tests__/unit/wizard-service.test.ts"}]}